<?xml version="1.0" encoding="UTF-8"?>
<testng-results ignored="0" total="3" passed="3" failed="0" skipped="0">
  <reporter-output>
  </reporter-output>
  <suite started-at="2024-03-01T18:35:52 IST" name="Suite" finished-at="2024-03-01T18:36:10 IST" duration-ms="17751">
    <groups>
    </groups>
    <test started-at="2024-03-01T18:35:52 IST" name="Test" finished-at="2024-03-01T18:36:10 IST" duration-ms="17751">
      <class name="com.tests.TestCases">
        <test-method is-config="true" signature="loginApplication()[pri:0, instance:com.tests.TestCases@15b204a1]" started-at="2024-03-01T18:35:52 IST" name="loginApplication" finished-at="2024-03-01T18:35:52 IST" duration-ms="18" status="PASS">
          <reporter-output>
          </reporter-output>
        </test-method> <!-- loginApplication -->
        <test-method signature="TestCase1()[pri:0, instance:com.tests.TestCases@15b204a1]" started-at="2024-03-01T18:35:52 IST" name="TestCase1" finished-at="2024-03-01T18:36:10 IST" duration-ms="17596" status="PASS">
          <reporter-output>
          </reporter-output>
        </test-method> <!-- TestCase1 -->
        <test-method is-config="true" signature="logoutApplication()[pri:0, instance:com.tests.TestCases@15b204a1]" started-at="2024-03-01T18:36:10 IST" name="logoutApplication" finished-at="2024-03-01T18:36:10 IST" duration-ms="6" status="PASS">
          <reporter-output>
          </reporter-output>
        </test-method> <!-- logoutApplication -->
        <test-method signature="TestCase2()[pri:0, instance:com.tests.TestCases@15b204a1]" started-at="2024-03-01T18:36:10 IST" name="TestCase2" finished-at="2024-03-01T18:36:10 IST" duration-ms="1" status="PASS">
          <reporter-output>
          </reporter-output>
        </test-method> <!-- TestCase2 -->
        <test-method is-config="true" signature="loginApplication()[pri:0, instance:com.tests.TestCases@15b204a1]" started-at="2024-03-01T18:36:10 IST" name="loginApplication" finished-at="2024-03-01T18:36:10 IST" duration-ms="0" status="PASS">
          <reporter-output>
          </reporter-output>
        </test-method> <!-- loginApplication -->
        <test-method is-config="true" signature="logoutApplication()[pri:0, instance:com.tests.TestCases@15b204a1]" started-at="2024-03-01T18:36:10 IST" name="logoutApplication" finished-at="2024-03-01T18:36:10 IST" duration-ms="5" status="PASS">
          <reporter-output>
          </reporter-output>
        </test-method> <!-- logoutApplication -->
        <test-method is-config="true" signature="loginApplication()[pri:0, instance:com.tests.TestCases@15b204a1]" started-at="2024-03-01T18:36:10 IST" name="loginApplication" finished-at="2024-03-01T18:36:10 IST" duration-ms="1" status="PASS">
          <reporter-output>
          </reporter-output>
        </test-method> <!-- loginApplication -->
        <test-method signature="TestCase3()[pri:0, instance:com.tests.TestCases@15b204a1]" started-at="2024-03-01T18:36:10 IST" name="TestCase3" finished-at="2024-03-01T18:36:10 IST" duration-ms="3" status="PASS">
          <reporter-output>
          </reporter-output>
        </test-method> <!-- TestCase3 -->
        <test-method is-config="true" signature="logoutApplication()[pri:0, instance:com.tests.TestCases@15b204a1]" started-at="2024-03-01T18:36:10 IST" name="logoutApplication" finished-at="2024-03-01T18:36:10 IST" duration-ms="0" status="PASS">
          <reporter-output>
          </reporter-output>
        </test-method> <!-- logoutApplication -->
      </class> <!-- com.tests.TestCases -->
    </test> <!-- Test -->
  </suite> <!-- Suite -->
</testng-results>
